2025-12-17 08:08:04 [restartedMain] INFO  c.a.u.UrlshortenerApplication - Starting UrlshortenerApplication using Java 21.0.1 with PID 3928 (C:\Users\Adewunmi\urlshortener\target\classes started by Adewunmi in C:\Users\Adewunmi\urlshortener)
2025-12-17 08:08:04 [restartedMain] INFO  c.a.u.UrlshortenerApplication - No active profile set, falling back to 1 default profile: "default"
2025-12-17 08:08:04 [restartedMain] INFO  o.s.b.d.e.DevToolsPropertyDefaultsPostProcessor - Devtools property defaults active! Set 'spring.devtools.add-properties' to 'false' to disable
2025-12-17 08:08:04 [restartedMain] INFO  o.s.b.d.e.DevToolsPropertyDefaultsPostProcessor - For additional web related logging consider setting the 'logging.level.web' property to 'DEBUG'
2025-12-17 08:08:05 [restartedMain] INFO  o.s.d.r.c.RepositoryConfigurationDelegate - Multiple Spring Data modules found, entering strict repository configuration mode
2025-12-17 08:08:05 [restartedMain] INFO  o.s.d.r.c.RepositoryConfigurationDelegate - Bootstrapping Spring Data JPA repositories in DEFAULT mode.
2025-12-17 08:08:06 [restartedMain] INFO  o.s.d.r.c.RepositoryConfigurationDelegate - Finished Spring Data repository scanning in 195 ms. Found 2 JPA repository interfaces.
2025-12-17 08:08:06 [restartedMain] INFO  o.s.d.r.c.RepositoryConfigurationDelegate - Multiple Spring Data modules found, entering strict repository configuration mode
2025-12-17 08:08:06 [restartedMain] INFO  o.s.d.r.c.RepositoryConfigurationDelegate - Bootstrapping Spring Data Redis repositories in DEFAULT mode.
2025-12-17 08:08:06 [restartedMain] INFO  o.s.d.r.c.RepositoryConfigurationExtensionSupport - Spring Data Redis - Could not safely identify store assignment for repository candidate interface com.adewunmi.urlshortener.repository.ClickRepository; If you want this repository to be a Redis repository, consider annotating your entities with one of these annotations: org.springframework.data.redis.core.RedisHash (preferred), or consider extending one of the following types with your repository: org.springframework.data.keyvalue.repository.KeyValueRepository
2025-12-17 08:08:06 [restartedMain] INFO  o.s.d.r.c.RepositoryConfigurationExtensionSupport - Spring Data Redis - Could not safely identify store assignment for repository candidate interface com.adewunmi.urlshortener.repository.UrlRepository; If you want this repository to be a Redis repository, consider annotating your entities with one of these annotations: org.springframework.data.redis.core.RedisHash (preferred), or consider extending one of the following types with your repository: org.springframework.data.keyvalue.repository.KeyValueRepository
2025-12-17 08:08:06 [restartedMain] INFO  o.s.d.r.c.RepositoryConfigurationDelegate - Finished Spring Data repository scanning in 14 ms. Found 0 Redis repository interfaces.
2025-12-17 08:08:07 [restartedMain] INFO  o.s.boot.tomcat.TomcatWebServer - Tomcat initialized with port 8080 (http)
2025-12-17 08:08:07 [restartedMain] INFO  o.a.catalina.core.StandardService - Starting service [Tomcat]
2025-12-17 08:08:07 [restartedMain] INFO  o.a.catalina.core.StandardEngine - Starting Servlet engine: [Apache Tomcat/11.0.14]
2025-12-17 08:08:07 [restartedMain] INFO  o.s.b.w.c.s.WebApplicationContextInitializer - Root WebApplicationContext: initialization completed in 2909 ms
2025-12-17 08:08:07 [restartedMain] INFO  o.h.jpa.internal.util.LogHelper - HHH000204: Processing PersistenceUnitInfo [name: default]
2025-12-17 08:08:07 [restartedMain] INFO  org.hibernate.Version - HHH000412: Hibernate ORM core version 7.1.8.Final
2025-12-17 08:08:08 [restartedMain] INFO  o.s.o.j.p.SpringPersistenceUnitInfo - No LoadTimeWeaver setup: ignoring JPA class transformer
2025-12-17 08:08:08 [restartedMain] INFO  com.zaxxer.hikari.HikariDataSource - HikariPool-1 - Starting...
2025-12-17 08:08:08 [restartedMain] INFO  com.zaxxer.hikari.pool.HikariPool - HikariPool-1 - Added connection org.postgresql.jdbc.PgConnection@5bc36674
2025-12-17 08:08:08 [restartedMain] INFO  com.zaxxer.hikari.HikariDataSource - HikariPool-1 - Start completed.
2025-12-17 08:08:09 [restartedMain] WARN  org.hibernate.orm.deprecation - HHH90000025: PostgreSQLDialect does not need to be specified explicitly using 'hibernate.dialect' (remove the property setting and it will be selected by default)
2025-12-17 08:08:09 [restartedMain] INFO  o.hibernate.orm.connections.pooling - HHH10001005: Database info:
	Database JDBC URL [jdbc:postgresql://localhost:5432/urlshortener]
	Database driver: PostgreSQL JDBC Driver
	Database dialect: PostgreSQLDialect
	Database version: 17.5
	Default catalog/schema: urlshortener/public
	Autocommit mode: undefined/unknown
	Isolation level: READ_COMMITTED [default READ_COMMITTED]
	JDBC fetch size: none
	Pool: DatasourceConnectionProviderImpl
	Minimum pool size: undefined/unknown
	Maximum pool size: undefined/unknown
2025-12-17 08:08:10 [restartedMain] INFO  o.h.e.t.j.p.i.JtaPlatformInitiator - HHH000489: No JTA platform available (set 'hibernate.transaction.jta.platform' to enable JTA platform integration)
2025-12-17 08:08:10 [restartedMain] INFO  o.s.o.j.LocalContainerEntityManagerFactoryBean - Initialized JPA EntityManagerFactory for persistence unit 'default'
2025-12-17 08:08:11 [restartedMain] INFO  o.s.d.j.r.q.QueryEnhancerFactories - Hibernate is in classpath; If applicable, HQL parser will be used.
2025-12-17 08:13:41 [restartedMain] INFO  c.a.u.UrlshortenerApplication - Starting UrlshortenerApplication using Java 21.0.1 with PID 25276 (C:\Users\Adewunmi\urlshortener\target\classes started by Adewunmi in C:\Users\Adewunmi\urlshortener)
2025-12-17 08:13:41 [restartedMain] INFO  c.a.u.UrlshortenerApplication - No active profile set, falling back to 1 default profile: "default"
2025-12-17 08:13:41 [restartedMain] INFO  o.s.b.d.e.DevToolsPropertyDefaultsPostProcessor - Devtools property defaults active! Set 'spring.devtools.add-properties' to 'false' to disable
2025-12-17 08:13:41 [restartedMain] INFO  o.s.b.d.e.DevToolsPropertyDefaultsPostProcessor - For additional web related logging consider setting the 'logging.level.web' property to 'DEBUG'
2025-12-17 08:13:43 [restartedMain] INFO  o.s.d.r.c.RepositoryConfigurationDelegate - Multiple Spring Data modules found, entering strict repository configuration mode
2025-12-17 08:13:43 [restartedMain] INFO  o.s.d.r.c.RepositoryConfigurationDelegate - Bootstrapping Spring Data JPA repositories in DEFAULT mode.
2025-12-17 08:13:43 [restartedMain] INFO  o.s.d.r.c.RepositoryConfigurationDelegate - Finished Spring Data repository scanning in 149 ms. Found 2 JPA repository interfaces.
2025-12-17 08:13:43 [restartedMain] INFO  o.s.d.r.c.RepositoryConfigurationDelegate - Multiple Spring Data modules found, entering strict repository configuration mode
2025-12-17 08:13:43 [restartedMain] INFO  o.s.d.r.c.RepositoryConfigurationDelegate - Bootstrapping Spring Data Redis repositories in DEFAULT mode.
2025-12-17 08:13:43 [restartedMain] INFO  o.s.d.r.c.RepositoryConfigurationExtensionSupport - Spring Data Redis - Could not safely identify store assignment for repository candidate interface com.adewunmi.urlshortener.repository.ClickRepository; If you want this repository to be a Redis repository, consider annotating your entities with one of these annotations: org.springframework.data.redis.core.RedisHash (preferred), or consider extending one of the following types with your repository: org.springframework.data.keyvalue.repository.KeyValueRepository
2025-12-17 08:13:43 [restartedMain] INFO  o.s.d.r.c.RepositoryConfigurationExtensionSupport - Spring Data Redis - Could not safely identify store assignment for repository candidate interface com.adewunmi.urlshortener.repository.UrlRepository; If you want this repository to be a Redis repository, consider annotating your entities with one of these annotations: org.springframework.data.redis.core.RedisHash (preferred), or consider extending one of the following types with your repository: org.springframework.data.keyvalue.repository.KeyValueRepository
2025-12-17 08:13:43 [restartedMain] INFO  o.s.d.r.c.RepositoryConfigurationDelegate - Finished Spring Data repository scanning in 9 ms. Found 0 Redis repository interfaces.
2025-12-17 08:13:44 [restartedMain] INFO  o.s.boot.tomcat.TomcatWebServer - Tomcat initialized with port 8080 (http)
2025-12-17 08:13:44 [restartedMain] INFO  o.a.catalina.core.StandardService - Starting service [Tomcat]
2025-12-17 08:13:44 [restartedMain] INFO  o.a.catalina.core.StandardEngine - Starting Servlet engine: [Apache Tomcat/11.0.14]
2025-12-17 08:13:44 [restartedMain] INFO  o.s.b.w.c.s.WebApplicationContextInitializer - Root WebApplicationContext: initialization completed in 2762 ms
2025-12-17 08:13:44 [restartedMain] INFO  o.h.jpa.internal.util.LogHelper - HHH000204: Processing PersistenceUnitInfo [name: default]
2025-12-17 08:13:44 [restartedMain] INFO  org.hibernate.Version - HHH000412: Hibernate ORM core version 7.1.8.Final
2025-12-17 08:13:45 [restartedMain] INFO  o.s.o.j.p.SpringPersistenceUnitInfo - No LoadTimeWeaver setup: ignoring JPA class transformer
2025-12-17 08:13:45 [restartedMain] INFO  com.zaxxer.hikari.HikariDataSource - HikariPool-1 - Starting...
2025-12-17 08:13:45 [restartedMain] INFO  com.zaxxer.hikari.pool.HikariPool - HikariPool-1 - Added connection org.postgresql.jdbc.PgConnection@455ff05e
2025-12-17 08:13:45 [restartedMain] INFO  com.zaxxer.hikari.HikariDataSource - HikariPool-1 - Start completed.
2025-12-17 08:13:45 [restartedMain] WARN  org.hibernate.orm.deprecation - HHH90000025: PostgreSQLDialect does not need to be specified explicitly using 'hibernate.dialect' (remove the property setting and it will be selected by default)
2025-12-17 08:13:45 [restartedMain] INFO  o.hibernate.orm.connections.pooling - HHH10001005: Database info:
	Database JDBC URL [jdbc:postgresql://localhost:5432/urlshortener]
	Database driver: PostgreSQL JDBC Driver
	Database dialect: PostgreSQLDialect
	Database version: 17.5
	Default catalog/schema: urlshortener/public
	Autocommit mode: undefined/unknown
	Isolation level: READ_COMMITTED [default READ_COMMITTED]
	JDBC fetch size: none
	Pool: DatasourceConnectionProviderImpl
	Minimum pool size: undefined/unknown
	Maximum pool size: undefined/unknown
2025-12-17 08:13:46 [restartedMain] INFO  o.h.e.t.j.p.i.JtaPlatformInitiator - HHH000489: No JTA platform available (set 'hibernate.transaction.jta.platform' to enable JTA platform integration)
2025-12-17 08:13:46 [restartedMain] INFO  o.s.o.j.LocalContainerEntityManagerFactoryBean - Initialized JPA EntityManagerFactory for persistence unit 'default'
2025-12-17 08:13:47 [restartedMain] INFO  o.s.d.j.r.q.QueryEnhancerFactories - Hibernate is in classpath; If applicable, HQL parser will be used.
2025-12-17 08:13:49 [restartedMain] WARN  o.s.b.j.a.JpaBaseConfiguration$JpaWebConfiguration - spring.jpa.open-in-view is enabled by default. Therefore, database queries may be performed during view rendering. Explicitly configure spring.jpa.open-in-view to disable this warning
2025-12-17 08:13:49 [restartedMain] WARN  o.s.b.s.a.UserDetailsServiceAutoConfiguration - 

Using generated security password: 77d7a31f-726a-4a79-ad24-2b913a5a499b

This generated password is for development use only. Your security configuration must be updated before running your application in production.

2025-12-17 08:13:49 [restartedMain] INFO  o.s.s.c.a.a.c.InitializeUserDetailsBeanManagerConfigurer$InitializeUserDetailsManagerConfigurer - Global AuthenticationManager configured with UserDetailsService bean with name inMemoryUserDetailsManager
2025-12-17 08:13:50 [restartedMain] INFO  o.s.b.a.e.web.EndpointLinksResolver - Exposing 1 endpoint beneath base path '/actuator'
2025-12-17 08:13:50 [restartedMain] INFO  o.s.boot.tomcat.TomcatWebServer - Tomcat started on port 8080 (http) with context path '/'
2025-12-17 08:13:50 [restartedMain] DEBUG o.s.d.r.l.RedisMessageListenerContainer - Starting RedisMessageListenerContainer...
2025-12-17 08:13:50 [restartedMain] DEBUG o.s.d.r.l.RedisMessageListenerContainer - Postpone listening for Redis messages until actual listeners are added
2025-12-17 08:13:50 [restartedMain] INFO  c.a.u.UrlshortenerApplication - Started UrlshortenerApplication in 9.582 seconds (process running for 10.722)
2025-12-17 08:16:27 [http-nio-8080-exec-1] INFO  o.a.c.c.C.[Tomcat].[localhost].[/] - Initializing Spring DispatcherServlet 'dispatcherServlet'
2025-12-17 08:16:27 [http-nio-8080-exec-1] INFO  o.s.web.servlet.DispatcherServlet - Initializing Servlet 'dispatcherServlet'
2025-12-17 08:16:27 [http-nio-8080-exec-1] INFO  o.s.web.servlet.DispatcherServlet - Completed initialization in 3 ms
2025-12-17 08:16:28 [http-nio-8080-exec-1] DEBUG o.s.d.r.core.RedisConnectionUtils - Fetching Redis Connection from RedisConnectionFactory
2025-12-17 08:16:29 [http-nio-8080-exec-1] DEBUG o.s.d.r.core.RedisConnectionUtils - Closing Redis Connection
2025-12-17 08:16:29 [http-nio-8080-exec-1] INFO  c.a.urlshortener.service.UrlService - Created short URL: DY7EpkI -> https://www.abc.com
2025-12-17 08:16:50 [http-nio-8080-exec-7] DEBUG o.s.d.r.core.RedisConnectionUtils - Fetching Redis Connection from RedisConnectionFactory
2025-12-17 08:16:50 [http-nio-8080-exec-7] DEBUG o.s.d.r.core.RedisConnectionUtils - Closing Redis Connection
2025-12-17 08:16:50 [http-nio-8080-exec-7] DEBUG o.s.d.r.core.RedisConnectionUtils - Fetching Redis Connection from RedisConnectionFactory
2025-12-17 08:16:50 [http-nio-8080-exec-7] DEBUG o.s.d.r.core.RedisConnectionUtils - Closing Redis Connection
2025-12-17 08:16:51 [http-nio-8080-exec-3] DEBUG o.s.d.r.core.RedisConnectionUtils - Fetching Redis Connection from RedisConnectionFactory
2025-12-17 08:16:51 [http-nio-8080-exec-3] DEBUG o.s.d.r.core.RedisConnectionUtils - Closing Redis Connection
2025-12-17 08:16:51 [http-nio-8080-exec-3] DEBUG o.s.d.r.core.RedisConnectionUtils - Fetching Redis Connection from RedisConnectionFactory
2025-12-17 08:16:51 [http-nio-8080-exec-3] DEBUG o.s.d.r.core.RedisConnectionUtils - Closing Redis Connection
2025-12-17 08:16:52 [http-nio-8080-exec-5] DEBUG o.s.d.r.core.RedisConnectionUtils - Fetching Redis Connection from RedisConnectionFactory
2025-12-17 08:16:52 [http-nio-8080-exec-5] DEBUG o.s.d.r.core.RedisConnectionUtils - Closing Redis Connection
2025-12-17 08:16:52 [http-nio-8080-exec-5] DEBUG o.s.d.r.core.RedisConnectionUtils - Fetching Redis Connection from RedisConnectionFactory
2025-12-17 08:16:52 [http-nio-8080-exec-5] DEBUG o.s.d.r.core.RedisConnectionUtils - Closing Redis Connection
2025-12-17 08:16:53 [http-nio-8080-exec-6] DEBUG o.s.d.r.core.RedisConnectionUtils - Fetching Redis Connection from RedisConnectionFactory
2025-12-17 08:16:53 [http-nio-8080-exec-6] DEBUG o.s.d.r.core.RedisConnectionUtils - Closing Redis Connection
2025-12-17 08:16:53 [http-nio-8080-exec-6] DEBUG o.s.d.r.core.RedisConnectionUtils - Fetching Redis Connection from RedisConnectionFactory
2025-12-17 08:16:53 [http-nio-8080-exec-6] DEBUG o.s.d.r.core.RedisConnectionUtils - Closing Redis Connection
2025-12-17 08:16:54 [http-nio-8080-exec-4] DEBUG o.s.d.r.core.RedisConnectionUtils - Fetching Redis Connection from RedisConnectionFactory
2025-12-17 08:16:54 [http-nio-8080-exec-4] DEBUG o.s.d.r.core.RedisConnectionUtils - Closing Redis Connection
2025-12-17 08:16:54 [http-nio-8080-exec-4] DEBUG o.s.d.r.core.RedisConnectionUtils - Fetching Redis Connection from RedisConnectionFactory
2025-12-17 08:16:54 [http-nio-8080-exec-4] DEBUG o.s.d.r.core.RedisConnectionUtils - Closing Redis Connection
2025-12-17 08:16:56 [http-nio-8080-exec-8] DEBUG o.s.d.r.core.RedisConnectionUtils - Fetching Redis Connection from RedisConnectionFactory
2025-12-17 08:16:56 [http-nio-8080-exec-8] DEBUG o.s.d.r.core.RedisConnectionUtils - Closing Redis Connection
2025-12-17 08:16:56 [http-nio-8080-exec-8] DEBUG o.s.d.r.core.RedisConnectionUtils - Fetching Redis Connection from RedisConnectionFactory
2025-12-17 08:16:56 [http-nio-8080-exec-8] DEBUG o.s.d.r.core.RedisConnectionUtils - Closing Redis Connection
2025-12-17 08:16:57 [http-nio-8080-exec-9] DEBUG o.s.d.r.core.RedisConnectionUtils - Fetching Redis Connection from RedisConnectionFactory
2025-12-17 08:16:57 [http-nio-8080-exec-9] DEBUG o.s.d.r.core.RedisConnectionUtils - Closing Redis Connection
2025-12-17 08:16:57 [http-nio-8080-exec-9] DEBUG o.s.d.r.core.RedisConnectionUtils - Fetching Redis Connection from RedisConnectionFactory
2025-12-17 08:16:57 [http-nio-8080-exec-9] DEBUG o.s.d.r.core.RedisConnectionUtils - Closing Redis Connection
2025-12-17 08:17:09 [http-nio-8080-exec-10] DEBUG o.s.d.r.core.RedisConnectionUtils - Fetching Redis Connection from RedisConnectionFactory
2025-12-17 08:17:09 [http-nio-8080-exec-10] DEBUG o.s.d.r.core.RedisConnectionUtils - Closing Redis Connection
2025-12-17 08:17:10 [http-nio-8080-exec-10] DEBUG o.s.d.r.core.RedisConnectionUtils - Fetching Redis Connection from RedisConnectionFactory
2025-12-17 08:17:10 [http-nio-8080-exec-10] DEBUG o.s.d.r.core.RedisConnectionUtils - Closing Redis Connection
2025-12-17 08:18:51 [http-nio-8080-exec-5] DEBUG o.s.d.r.core.RedisConnectionUtils - Fetching Redis Connection from RedisConnectionFactory
2025-12-17 08:18:51 [http-nio-8080-exec-5] DEBUG o.s.d.r.core.RedisConnectionUtils - Closing Redis Connection
2025-12-17 08:18:51 [http-nio-8080-exec-5] INFO  c.a.urlshortener.service.UrlService - Returning existing short URL for: https://www.abc.com
2025-12-17 08:18:56 [http-nio-8080-exec-6] DEBUG o.s.d.r.core.RedisConnectionUtils - Fetching Redis Connection from RedisConnectionFactory
2025-12-17 08:18:56 [http-nio-8080-exec-6] DEBUG o.s.d.r.core.RedisConnectionUtils - Closing Redis Connection
2025-12-17 08:18:56 [http-nio-8080-exec-6] INFO  c.a.urlshortener.service.UrlService - Created short URL: 83AUtlY -> https://www.ab.com
2025-12-17 08:19:02 [http-nio-8080-exec-4] DEBUG o.s.d.r.core.RedisConnectionUtils - Fetching Redis Connection from RedisConnectionFactory
2025-12-17 08:19:02 [http-nio-8080-exec-4] DEBUG o.s.d.r.core.RedisConnectionUtils - Closing Redis Connection
2025-12-17 08:19:02 [http-nio-8080-exec-4] INFO  c.a.urlshortener.service.UrlService - Created short URL: 5qNkOeu -> https://www.a.com
2025-12-17 08:19:08 [http-nio-8080-exec-8] DEBUG o.s.d.r.core.RedisConnectionUtils - Fetching Redis Connection from RedisConnectionFactory
2025-12-17 08:19:08 [http-nio-8080-exec-8] DEBUG o.s.d.r.core.RedisConnectionUtils - Closing Redis Connection
2025-12-17 08:19:08 [http-nio-8080-exec-8] INFO  c.a.urlshortener.service.UrlService - Created short URL: HgJSd30 -> https://www.acvb.com
2025-12-17 08:19:12 [http-nio-8080-exec-9] DEBUG o.s.d.r.core.RedisConnectionUtils - Fetching Redis Connection from RedisConnectionFactory
2025-12-17 08:19:12 [http-nio-8080-exec-9] DEBUG o.s.d.r.core.RedisConnectionUtils - Closing Redis Connection
2025-12-17 08:19:12 [http-nio-8080-exec-9] INFO  c.a.urlshortener.service.UrlService - Created short URL: RPsLKfV -> https://www.acaa.com
2025-12-17 08:19:17 [http-nio-8080-exec-10] DEBUG o.s.d.r.core.RedisConnectionUtils - Fetching Redis Connection from RedisConnectionFactory
2025-12-17 08:19:17 [http-nio-8080-exec-10] DEBUG o.s.d.r.core.RedisConnectionUtils - Closing Redis Connection
2025-12-17 08:19:17 [http-nio-8080-exec-10] INFO  c.a.urlshortener.service.UrlService - Created short URL: 7WBe9nh -> https://www.acar.com
2025-12-17 08:19:20 [http-nio-8080-exec-2] DEBUG o.s.d.r.core.RedisConnectionUtils - Fetching Redis Connection from RedisConnectionFactory
2025-12-17 08:19:21 [http-nio-8080-exec-2] DEBUG o.s.d.r.core.RedisConnectionUtils - Closing Redis Connection
2025-12-17 08:19:21 [http-nio-8080-exec-2] INFO  c.a.urlshortener.service.UrlService - Created short URL: RaS1zJw -> https://www.acr.com
2025-12-17 08:19:25 [http-nio-8080-exec-1] DEBUG o.s.d.r.core.RedisConnectionUtils - Fetching Redis Connection from RedisConnectionFactory
2025-12-17 08:19:25 [http-nio-8080-exec-1] DEBUG o.s.d.r.core.RedisConnectionUtils - Closing Redis Connection
2025-12-17 08:19:25 [http-nio-8080-exec-1] INFO  c.a.urlshortener.service.UrlService - Created short URL: Uze8lBs -> https://www.cr.com
2025-12-17 08:19:29 [http-nio-8080-exec-7] DEBUG o.s.d.r.core.RedisConnectionUtils - Fetching Redis Connection from RedisConnectionFactory
2025-12-17 08:19:29 [http-nio-8080-exec-7] DEBUG o.s.d.r.core.RedisConnectionUtils - Closing Redis Connection
2025-12-17 08:19:29 [http-nio-8080-exec-7] INFO  c.a.urlshortener.service.UrlService - Created short URL: aehg0Lc -> https://www.mr.com
2025-12-17 08:19:34 [http-nio-8080-exec-3] WARN  c.a.u.service.RateLimitService - Rate limit exceeded for shortening from IP: 0:0:0:0:0:0:0:1
2025-12-17 08:19:34 [http-nio-8080-exec-3] WARN  c.a.u.controller.UrlController - Rate limit exceeded for IP: 0:0:0:0:0:0:0:1
2025-12-17 08:20:08 [http-nio-8080-exec-5] DEBUG o.s.d.r.core.RedisConnectionUtils - Fetching Redis Connection from RedisConnectionFactory
2025-12-17 08:20:08 [http-nio-8080-exec-5] DEBUG o.s.d.r.core.RedisConnectionUtils - Closing Redis Connection
2025-12-17 08:20:08 [http-nio-8080-exec-5] DEBUG o.s.d.r.core.RedisConnectionUtils - Fetching Redis Connection from RedisConnectionFactory
2025-12-17 08:20:08 [http-nio-8080-exec-5] DEBUG o.s.d.r.core.RedisConnectionUtils - Closing Redis Connection
2025-12-17 08:20:08 [http-nio-8080-exec-5] DEBUG o.s.d.r.core.RedisConnectionUtils - Fetching Redis Connection from RedisConnectionFactory
2025-12-17 08:20:08 [http-nio-8080-exec-5] DEBUG o.s.d.r.core.RedisConnectionUtils - Closing Redis Connection
2025-12-17 08:20:08 [http-nio-8080-exec-5] DEBUG o.s.d.r.core.RedisConnectionUtils - Fetching Redis Connection from RedisConnectionFactory
2025-12-17 08:20:08 [http-nio-8080-exec-5] DEBUG o.s.d.r.core.RedisConnectionUtils - Closing Redis Connection
2025-12-17 08:22:54 [http-nio-8080-exec-8] WARN  c.a.u.service.RateLimitService - Rate limit exceeded for shortening from IP: 0:0:0:0:0:0:0:1
2025-12-17 08:22:54 [http-nio-8080-exec-8] WARN  c.a.u.controller.UrlController - Rate limit exceeded for IP: 0:0:0:0:0:0:0:1
